{"D:\\GitHub\\vue3-ts\\source_code\\baseHandle.ts": {"path":"D:\\GitHub\\vue3-ts\\source_code\\baseHandle.ts","statementMap":{"0":{"start":{"line":1,"column":0},"end":{"line":1,"column":36}},"1":{"start":{"line":2,"column":0},"end":{"line":2,"column":49}},"2":{"start":{"line":3,"column":0},"end":{"line":3,"column":53}},"3":{"start":{"line":7,"column":2},"end":{"line":16,"column":4}},"4":{"start":{"line":8,"column":16},"end":{"line":8,"column":50}},"5":{"start":{"line":9,"column":4},"end":{"line":9,"column":30}},"6":{"start":{"line":10,"column":4},"end":{"line":15,"column":null}},"7":{"start":{"line":14,"column":6},"end":{"line":14,"column":43}},"8":{"start":{"line":21,"column":2},"end":{"line":26,"column":4}},"9":{"start":{"line":22,"column":19},"end":{"line":22,"column":60}},"10":{"start":{"line":24,"column":4},"end":{"line":24,"column":32}},"11":{"start":{"line":25,"column":4},"end":{"line":25,"column":18}},"12":{"start":{"line":29,"column":12},"end":{"line":29,"column":26}},"13":{"start":{"line":30,"column":12},"end":{"line":30,"column":26}},"14":{"start":{"line":32,"column":13},"end":{"line":35,"column":2}}},"fnMap":{"0":{"name":"createGetter","decl":{"start":{"line":5,"column":9},"end":{"line":5,"column":21}},"loc":{"start":{"line":5,"column":37},"end":{"line":17,"column":1}}},"1":{"name":"get","decl":{"start":{"line":7,"column":18},"end":{"line":7,"column":21}},"loc":{"start":{"line":7,"column":69},"end":{"line":16,"column":3}}},"2":{"name":"createSetter","decl":{"start":{"line":19,"column":9},"end":{"line":19,"column":21}},"loc":{"start":{"line":19,"column":21},"end":{"line":27,"column":1}}},"3":{"name":"set","decl":{"start":{"line":21,"column":18},"end":{"line":21,"column":21}},"loc":{"start":{"line":21,"column":81},"end":{"line":26,"column":3}}}},"branchMap":{"0":{"loc":{"start":{"line":5,"column":22},"end":{"line":5,"column":37}},"type":"default-arg","locations":[{"start":{"line":5,"column":32},"end":{"line":5,"column":37}}]},"1":{"loc":{"start":{"line":10,"column":4},"end":{"line":15,"column":null}},"type":"if","locations":[{"start":{"line":10,"column":4},"end":{"line":15,"column":null}}]},"2":{"loc":{"start":{"line":14,"column":13},"end":{"line":14,"column":42}},"type":"cond-expr","locations":[{"start":{"line":14,"column":23},"end":{"line":14,"column":26}},{"start":{"line":14,"column":29},"end":{"line":14,"column":42}}]}},"s":{"0":1,"1":1,"2":1,"3":1,"4":1,"5":1,"6":1,"7":0,"8":1,"9":0,"10":0,"11":0,"12":1,"13":1,"14":1},"f":{"0":1,"1":1,"2":1,"3":0},"b":{"0":[1],"1":[0],"2":[0,0]}}
,"D:\\GitHub\\vue3-ts\\source_code\\shared.ts": {"path":"D:\\GitHub\\vue3-ts\\source_code\\shared.ts","statementMap":{"0":{"start":{"line":2,"column":2},"end":{"line":2,"column":49}},"1":{"start":{"line":1,"column":0},"end":{"line":1,"column":16}},"2":{"start":{"line":6,"column":2},"end":{"line":6,"column":56}},"3":{"start":{"line":5,"column":0},"end":{"line":5,"column":16}},"4":{"start":{"line":10,"column":2},"end":{"line":10,"column":30}},"5":{"start":{"line":9,"column":0},"end":{"line":9,"column":16}},"6":{"start":{"line":14,"column":13},"end":{"line":22,"column":2}}},"fnMap":{"0":{"name":"isObject","decl":{"start":{"line":1,"column":16},"end":{"line":1,"column":24}},"loc":{"start":{"line":1,"column":33},"end":{"line":3,"column":1}}},"1":{"name":"hasOwn","decl":{"start":{"line":5,"column":16},"end":{"line":5,"column":22}},"loc":{"start":{"line":5,"column":41},"end":{"line":7,"column":1}}},"2":{"name":"isOn","decl":{"start":{"line":9,"column":16},"end":{"line":9,"column":20}},"loc":{"start":{"line":9,"column":32},"end":{"line":11,"column":1}}}},"branchMap":{"0":{"loc":{"start":{"line":2,"column":9},"end":{"line":2,"column":48}},"type":"binary-expr","locations":[{"start":{"line":2,"column":9},"end":{"line":2,"column":32}},{"start":{"line":2,"column":36},"end":{"line":2,"column":48}}]}},"s":{"0":1,"1":1,"2":0,"3":1,"4":0,"5":1,"6":1},"f":{"0":1,"1":0,"2":0},"b":{"0":[1,0]}}
,"D:\\GitHub\\vue3-ts\\source_code\\reactivity\\effect.ts": {"path":"D:\\GitHub\\vue3-ts\\source_code\\reactivity\\effect.ts","statementMap":{"0":{"start":{"line":5,"column":18},"end":{"line":5,"column":31}},"1":{"start":{"line":22,"column":16},"end":{"line":22,"column":37}},"2":{"start":{"line":23,"column":2},"end":{"line":29,"column":null}},"3":{"start":{"line":28,"column":4},"end":{"line":28,"column":49}},"4":{"start":{"line":30,"column":13},"end":{"line":30,"column":29}},"5":{"start":{"line":31,"column":2},"end":{"line":33,"column":null}},"6":{"start":{"line":32,"column":4},"end":{"line":32,"column":21}},"7":{"start":{"line":34,"column":2},"end":{"line":37,"column":null}},"8":{"start":{"line":36,"column":4},"end":{"line":36,"column":27}},"9":{"start":{"line":38,"column":2},"end":{"line":38,"column":25}},"10":{"start":{"line":12,"column":0},"end":{"line":12,"column":16}},"11":{"start":{"line":45,"column":18},"end":{"line":45,"column":39}},"12":{"start":{"line":46,"column":2},"end":{"line":49,"column":null}},"13":{"start":{"line":48,"column":4},"end":{"line":48,"column":11}},"14":{"start":{"line":50,"column":15},"end":{"line":50,"column":31}},"15":{"start":{"line":51,"column":2},"end":{"line":53,"column":null}},"16":{"start":{"line":52,"column":4},"end":{"line":52,"column":11}},"17":{"start":{"line":55,"column":2},"end":{"line":61,"column":5}},"18":{"start":{"line":56,"column":4},"end":{"line":60,"column":null}},"19":{"start":{"line":57,"column":6},"end":{"line":57,"column":27}},"20":{"start":{"line":59,"column":6},"end":{"line":59,"column":17}},"21":{"start":{"line":42,"column":0},"end":{"line":42,"column":16}},"22":{"start":{"line":71,"column":6},"end":{"line":71,"column":21}},"23":{"start":{"line":76,"column":19},"end":{"line":84,"column":3}},"24":{"start":{"line":77,"column":4},"end":{"line":83,"column":null}},"25":{"start":{"line":78,"column":6},"end":{"line":78,"column":30}},"26":{"start":{"line":80,"column":6},"end":{"line":80,"column":18}},"27":{"start":{"line":82,"column":6},"end":{"line":82,"column":26}},"28":{"start":{"line":86,"column":2},"end":{"line":89,"column":null}},"29":{"start":{"line":88,"column":4},"end":{"line":88,"column":15}},"30":{"start":{"line":91,"column":2},"end":{"line":91,"column":41}},"31":{"start":{"line":92,"column":2},"end":{"line":92,"column":18}},"32":{"start":{"line":66,"column":0},"end":{"line":66,"column":16}}},"fnMap":{"0":{"name":"track","decl":{"start":{"line":12,"column":16},"end":{"line":12,"column":21}},"loc":{"start":{"line":12,"column":69},"end":{"line":39,"column":1}}},"1":{"name":"trigger","decl":{"start":{"line":42,"column":16},"end":{"line":42,"column":23}},"loc":{"start":{"line":42,"column":71},"end":{"line":62,"column":1}}},"2":{"name":"(anonymous_2)","decl":{"start":{"line":55,"column":15},"end":{"line":55,"column":16}},"loc":{"start":{"line":55,"column":65},"end":{"line":61,"column":3}}},"3":{"name":"effect","decl":{"start":{"line":66,"column":16},"end":{"line":66,"column":22}},"loc":{"start":{"line":73,"column":3},"end":{"line":93,"column":1}}},"4":{"name":"(anonymous_4)","decl":{"start":{"line":70,"column":15},"end":{"line":70,"column":18}},"loc":{"start":{"line":70,"column":20},"end":{"line":72,"column":5}}},"5":{"name":"(anonymous_5)","decl":{"start":{"line":76,"column":19},"end":{"line":76,"column":22}},"loc":{"start":{"line":76,"column":24},"end":{"line":84,"column":3}}}},"branchMap":{"0":{"loc":{"start":{"line":23,"column":2},"end":{"line":29,"column":null}},"type":"if","locations":[{"start":{"line":23,"column":2},"end":{"line":29,"column":null}}]},"1":{"loc":{"start":{"line":31,"column":2},"end":{"line":33,"column":null}},"type":"if","locations":[{"start":{"line":31,"column":2},"end":{"line":33,"column":null}}]},"2":{"loc":{"start":{"line":34,"column":2},"end":{"line":37,"column":null}},"type":"if","locations":[{"start":{"line":34,"column":2},"end":{"line":37,"column":null}}]},"3":{"loc":{"start":{"line":34,"column":6},"end":{"line":34,"column":45}},"type":"binary-expr","locations":[{"start":{"line":34,"column":6},"end":{"line":34,"column":29}},{"start":{"line":34,"column":33},"end":{"line":34,"column":45}}]},"4":{"loc":{"start":{"line":46,"column":2},"end":{"line":49,"column":null}},"type":"if","locations":[{"start":{"line":46,"column":2},"end":{"line":49,"column":null}}]},"5":{"loc":{"start":{"line":51,"column":2},"end":{"line":53,"column":null}},"type":"if","locations":[{"start":{"line":51,"column":2},"end":{"line":53,"column":null}}]},"6":{"loc":{"start":{"line":56,"column":4},"end":{"line":60,"column":null}},"type":"if","locations":[{"start":{"line":56,"column":4},"end":{"line":60,"column":null}},{"start":{"line":58,"column":11},"end":{"line":60,"column":null}}]},"7":{"loc":{"start":{"line":68,"column":2},"end":{"line":73,"column":null}},"type":"default-arg","locations":[{"start":{"line":68,"column":12},"end":{"line":73,"column":null}}]},"8":{"loc":{"start":{"line":86,"column":2},"end":{"line":89,"column":null}},"type":"if","locations":[{"start":{"line":86,"column":2},"end":{"line":89,"column":null}}]}},"s":{"0":1,"1":1,"2":1,"3":1,"4":1,"5":1,"6":1,"7":1,"8":1,"9":1,"10":1,"11":0,"12":0,"13":0,"14":0,"15":0,"16":0,"17":0,"18":0,"19":0,"20":0,"21":1,"22":0,"23":1,"24":1,"25":1,"26":1,"27":1,"28":1,"29":1,"30":1,"31":1,"32":1},"f":{"0":1,"1":0,"2":0,"3":1,"4":0,"5":1},"b":{"0":[1],"1":[1],"2":[1],"3":[1,1],"4":[0],"5":[0],"6":[0,0],"7":[1],"8":[1]}}
,"D:\\GitHub\\vue3-ts\\source_code\\reactivity\\reactive.ts": {"path":"D:\\GitHub\\vue3-ts\\source_code\\reactivity\\reactive.ts","statementMap":{"0":{"start":{"line":1,"column":0},"end":{"line":1,"column":48}},"1":{"start":{"line":4,"column":21},"end":{"line":4,"column":55}},"2":{"start":{"line":5,"column":2},"end":{"line":8,"column":null}},"3":{"start":{"line":6,"column":4},"end":{"line":6,"column":46}},"4":{"start":{"line":7,"column":4},"end":{"line":7,"column":18}},"5":{"start":{"line":10,"column":2},"end":{"line":10,"column":15}},"6":{"start":{"line":3,"column":0},"end":{"line":3,"column":16}}},"fnMap":{"0":{"name":"reactive","decl":{"start":{"line":3,"column":16},"end":{"line":3,"column":24}},"loc":{"start":{"line":3,"column":36},"end":{"line":11,"column":1}}}},"branchMap":{"0":{"loc":{"start":{"line":5,"column":2},"end":{"line":8,"column":null}},"type":"if","locations":[{"start":{"line":5,"column":2},"end":{"line":8,"column":null}}]}},"s":{"0":1,"1":1,"2":1,"3":0,"4":0,"5":1,"6":1},"f":{"0":1},"b":{"0":[0]}}
,"D:\\GitHub\\vue3-ts\\src\\components\\button\\Button.vue": {"path":"D:\\GitHub\\vue3-ts\\src\\components\\button\\Button.vue","statementMap":{"0":{"start":{"line":8,"column":0},"end":{"line":8,"column":15}},"1":{"start":{"line":14,"column":0},"end":{"line":14,"column":null}},"2":{"start":{"line":15,"column":0},"end":{"line":15,"column":null}},"3":{"start":{"line":8,"column":20},"end":{"line":8,"column":null}},"4":{"start":{"line":26,"column":21},"end":{"line":26,"column":null}},"5":{"start":{"line":27,"column":19},"end":{"line":27,"column":28}},"6":{"start":{"line":28,"column":2},"end":{"line":28,"column":9}}},"fnMap":{"0":{"name":"(anonymous_3)","decl":{"start":{"line":27,"column":28},"end":{"line":27,"column":null}},"loc":{"start":{"line":27,"column":28},"end":{"line":29,"column":null}}}},"branchMap":{"0":{"loc":{"start":{"line":28,"column":9},"end":{"line":28,"column":null}},"type":"binary-expr","locations":[{"start":{"line":28,"column":9},"end":{"line":28,"column":23}},{"start":{"line":28,"column":23},"end":{"line":28,"column":null}}]}},"s":{"0":1,"1":1,"2":1,"3":1,"4":2,"5":2,"6":2},"f":{"0":2},"b":{"0":[2,1]}}
,"D:\\GitHub\\vue3-ts\\src\\utils\\index.ts": {"path":"D:\\GitHub\\vue3-ts\\src\\utils\\index.ts","statementMap":{"0":{"start":{"line":1,"column":0},"end":{"line":1,"column":81}},"1":{"start":{"line":3,"column":27},"end":{"line":12,"column":1}},"2":{"start":{"line":4,"column":15},"end":{"line":4,"column":31}},"3":{"start":{"line":5,"column":2},"end":{"line":10,"column":4}},"4":{"start":{"line":6,"column":4},"end":{"line":6,"column":60}},"5":{"start":{"line":7,"column":4},"end":{"line":9,"column":null}},"6":{"start":{"line":8,"column":6},"end":{"line":8,"column":53}},"7":{"start":{"line":11,"column":2},"end":{"line":11,"column":33}},"8":{"start":{"line":3,"column":13},"end":{"line":3,"column":27}},"9":{"start":{"line":15,"column":53},"end":{"line":15,"column":73}},"10":{"start":{"line":16,"column":2},"end":{"line":19,"column":null}},"11":{"start":{"line":17,"column":4},"end":{"line":17,"column":51}},"12":{"start":{"line":18,"column":4},"end":{"line":18,"column":11}},"13":{"start":{"line":20,"column":2},"end":{"line":20,"column":70}},"14":{"start":{"line":14,"column":0},"end":{"line":14,"column":16}}},"fnMap":{"0":{"name":"(anonymous_0)","decl":{"start":{"line":3,"column":27},"end":{"line":3,"column":31}},"loc":{"start":{"line":3,"column":63},"end":{"line":12,"column":1}}},"1":{"name":"(anonymous_1)","decl":{"start":{"line":5,"column":17},"end":{"line":5,"column":18}},"loc":{"start":{"line":5,"column":30},"end":{"line":10,"column":3}}},"2":{"name":"useGlobalConfig","decl":{"start":{"line":14,"column":16},"end":{"line":14,"column":31}},"loc":{"start":{"line":14,"column":31},"end":{"line":21,"column":1}}}},"branchMap":{"0":{"loc":{"start":{"line":6,"column":18},"end":{"line":6,"column":47}},"type":"binary-expr","locations":[{"start":{"line":6,"column":18},"end":{"line":6,"column":27}},{"start":{"line":6,"column":31},"end":{"line":6,"column":47}}]},"1":{"loc":{"start":{"line":7,"column":4},"end":{"line":9,"column":null}},"type":"if","locations":[{"start":{"line":7,"column":4},"end":{"line":9,"column":null}}]},"2":{"loc":{"start":{"line":16,"column":2},"end":{"line":19,"column":null}},"type":"if","locations":[{"start":{"line":16,"column":2},"end":{"line":19,"column":null}}]},"3":{"loc":{"start":{"line":20,"column":9},"end":{"line":20,"column":69}},"type":"binary-expr","locations":[{"start":{"line":20,"column":9},"end":{"line":20,"column":63}},{"start":{"line":20,"column":67},"end":{"line":20,"column":69}}]}},"s":{"0":1,"1":1,"2":0,"3":0,"4":0,"5":0,"6":0,"7":0,"8":1,"9":2,"10":2,"11":0,"12":0,"13":2,"14":1},"f":{"0":0,"1":0,"2":2},"b":{"0":[0,0],"1":[0],"2":[0],"3":[2,2]}}
}
